<?xml version="1.0" encoding="UTF-8"?>
<testsuite name="SILab2Test" tests="7" skipped="0" failures="0" errors="0" timestamp="2023-05-31T16:48:23" hostname="DESKTOP-OIU4FFF" time="0.027">
  <properties/>
  <testcase name="testFunction_MandatoryInformationMissing()" classname="SILab2Test" time="0.016"/>
  <testcase name="testFunction_CheckSameCountForEmailAndUsername()" classname="SILab2Test" time="0.001"/>
  <testcase name="testFunction_PasswordLengthLessThan8()" classname="SILab2Test" time="0.002"/>
  <testcase name="testFunction_AllConditionsSatisfied()" classname="SILab2Test" time="0.001"/>
  <testcase name="testFunction_PasswordContainsSpecialCharacters()" classname="SILab2Test" time="0.0"/>
  <testcase name="testFunction_PasswordContainsUsername()" classname="SILab2Test" time="0.001"/>
  <testcase name="testFunction_SetUsernameWhenNull()" classname="SILab2Test" time="0.002"/>
  <system-out><![CDATA[]]></system-out>
  <system-err><![CDATA[]]></system-err>
</testsuite>
